<?xml version="1.0" encoding="UTF-8"?>
<testng-results ignored="0" total="3" passed="3" failed="0" skipped="0">
  <reporter-output>
  </reporter-output>
  <suite started-at="2023-07-03T20:22:05 IST" name="Suite" finished-at="2023-07-03T20:22:22 IST" duration-ms="17175">
    <groups>
    </groups>
    <test started-at="2023-07-03T20:22:05 IST" name="Test" finished-at="2023-07-03T20:22:22 IST" duration-ms="17175">
      <class name="com.program.Trail">
        <test-method is-config="true" signature="launchbrowser()[pri:0, instance:com.program.Trail@368247b9]" started-at="2023-07-03T20:22:05 IST" name="launchbrowser" finished-at="2023-07-03T20:22:09 IST" duration-ms="3658" status="PASS">
          <reporter-output>
          </reporter-output>
        </test-method> <!-- launchbrowser -->
        <test-method signature="test1()[pri:0, instance:com.program.Trail@368247b9]" started-at="2023-07-03T20:22:09 IST" name="test1" finished-at="2023-07-03T20:22:15 IST" duration-ms="6584" status="PASS">
          <reporter-output>
          </reporter-output>
        </test-method> <!-- test1 -->
        <test-method signature="test2()[pri:0, instance:com.program.Trail@368247b9]" started-at="2023-07-03T20:22:15 IST" name="test2" finished-at="2023-07-03T20:22:19 IST" duration-ms="3971" status="PASS">
          <reporter-output>
          </reporter-output>
        </test-method> <!-- test2 -->
        <test-method signature="test3()[pri:0, instance:com.program.Trail@368247b9]" started-at="2023-07-03T20:22:19 IST" name="test3" finished-at="2023-07-03T20:22:22 IST" duration-ms="2488" status="PASS">
          <reporter-output>
          </reporter-output>
        </test-method> <!-- test3 -->
        <test-method is-config="true" signature="tearDown()[pri:0, instance:com.program.Trail@368247b9]" started-at="2023-07-03T20:22:22 IST" name="tearDown" finished-at="2023-07-03T20:22:22 IST" duration-ms="385" status="PASS">
          <reporter-output>
          </reporter-output>
        </test-method> <!-- tearDown -->
      </class> <!-- com.program.Trail -->
    </test> <!-- Test -->
  </suite> <!-- Suite -->
</testng-results>
