<?xml version="1.0" encoding="UTF-8"?>
<testng-results ignored="0" total="3" passed="3" failed="0" skipped="0">
  <reporter-output>
  </reporter-output>
  <suite started-at="2023-07-04T19:32:25 IST" name="Default suite" finished-at="2023-07-04T19:33:14 IST" duration-ms="48547">
    <groups>
    </groups>
    <test started-at="2023-07-04T19:32:25 IST" name="Default test" finished-at="2023-07-04T19:33:14 IST" duration-ms="48547">
      <class name="com.program.Trail">
        <test-method is-config="true" signature="launchbrowser()[pri:0, instance:com.program.Trail@368247b9]" started-at="2023-07-04T19:32:25 IST" name="launchbrowser" finished-at="2023-07-04T19:32:48 IST" duration-ms="22375" status="PASS">
          <reporter-output>
          </reporter-output>
        </test-method> <!-- launchbrowser -->
        <test-method signature="test1()[pri:0, instance:com.program.Trail@368247b9]" started-at="2023-07-04T19:32:48 IST" name="test1" finished-at="2023-07-04T19:33:01 IST" duration-ms="13377" status="PASS">
          <reporter-output>
          </reporter-output>
        </test-method> <!-- test1 -->
        <test-method signature="test2()[pri:0, instance:com.program.Trail@368247b9]" started-at="2023-07-04T19:33:01 IST" name="test2" finished-at="2023-07-04T19:33:06 IST" duration-ms="4906" status="PASS">
          <reporter-output>
          </reporter-output>
        </test-method> <!-- test2 -->
        <test-method signature="test3()[pri:0, instance:com.program.Trail@368247b9]" started-at="2023-07-04T19:33:06 IST" name="test3" finished-at="2023-07-04T19:33:14 IST" duration-ms="7640" status="PASS">
          <reporter-output>
          </reporter-output>
        </test-method> <!-- test3 -->
        <test-method is-config="true" signature="tearDown()[pri:0, instance:com.program.Trail@368247b9]" started-at="2023-07-04T19:33:14 IST" name="tearDown" finished-at="2023-07-04T19:33:14 IST" duration-ms="198" status="PASS">
          <reporter-output>
          </reporter-output>
        </test-method> <!-- tearDown -->
      </class> <!-- com.program.Trail -->
    </test> <!-- Default test -->
  </suite> <!-- Default suite -->
</testng-results>
